Using pre-set license

 COMMAND LINE ARGUMENTS:
/Users/leahhumphries/Downloads/Unity/2021.1.3f1/Unity.app/Contents/MacOS/Unity
-adb2
-batchMode
-noUpm
-name
AssetImportWorker0
-projectPath
/Users/leahhumphries/Downloads/GitHub/COMP2007-SE3/SoundScape
-logFile
Logs/AssetImportWorker0.log
-srvPort
59551
Successfully changed project path to: /Users/leahhumphries/Downloads/GitHub/COMP2007-SE3/SoundScape
/Users/leahhumphries/Downloads/GitHub/COMP2007-SE3/SoundScape
Using Asset Import Pipeline V2.
Refreshing native plugins compatible for Editor in 90.91 ms, found 2 plugins.
Preloading 0 native plugins for Editor in 0.00 ms.
Initialize engine version: 2021.1.3f1 (4bef613afd59)
[Subsystems] Discovering subsystems at path /Users/leahhumphries/Downloads/Unity/2021.1.3f1/Unity.app/Contents/Resources/UnitySubsystems
[Subsystems] Discovering subsystems at path /Users/leahhumphries/Downloads/GitHub/COMP2007-SE3/SoundScape/Assets
GfxDevice: creating device client; threaded=0; jobified=0
2021-05-12 00:03:46.034 Unity[77447:4400096] (null) preferred device: Apple M1 (high power)
2021-05-12 00:03:46.034 Unity[77447:4400096] Metal devices available: 1
2021-05-12 00:03:46.034 Unity[77447:4400096] 0: Apple M1 (high power)
2021-05-12 00:03:46.035 Unity[77447:4400096] Using device Apple M1 (high power)
Initializing Metal device caps: Apple M1
Initialize mono
Mono path[0] = '/Users/leahhumphries/Downloads/Unity/2021.1.3f1/Unity.app/Contents/Managed'
Mono path[1] = '/Users/leahhumphries/Downloads/Unity/2021.1.3f1/Unity.app/Contents/MonoBleedingEdge/lib/mono/unityjit'
Mono config path = '/Users/leahhumphries/Downloads/Unity/2021.1.3f1/Unity.app/Contents/MonoBleedingEdge/etc'
Using monoOptions --debugger-agent=transport=dt_socket,embedding=1,server=y,suspend=n,address=127.0.0.1:56447
Begin MonoManager ReloadAssembly
Registering precompiled unity dll's ...
Register platform support module: /Users/leahhumphries/Downloads/Unity/2021.1.3f1/Unity.app/Contents/PlaybackEngines/MacStandaloneSupport/UnityEditor.OSXStandalone.Extensions.dll
Register platform support module: /Users/leahhumphries/Downloads/Unity/2021.1.3f1/PlaybackEngines/WindowsStandaloneSupport/UnityEditor.WindowsStandalone.Extensions.dll
Registered in 0.001705 seconds.
Native extension for WindowsStandalone target not found
Native extension for OSXStandalone target not found
Refreshing native plugins compatible for Editor in 96.03 ms, found 2 plugins.
Preloading 0 native plugins for Editor in 0.00 ms.
Mono: successfully reloaded assembly
- Completed reload, in  2.633 seconds
Platform modules already initialized, skipping
Registering precompiled user dll's ...
Registered in 0.002998 seconds.
Begin MonoManager ReloadAssembly
Native extension for WindowsStandalone target not found
Native extension for OSXStandalone target not found
Refreshing native plugins compatible for Editor in 95.10 ms, found 2 plugins.
Preloading 0 native plugins for Editor in 0.00 ms.
Mono: successfully reloaded assembly
- Completed reload, in  2.201 seconds
Platform modules already initialized, skipping
========================================================================
Worker process is ready to serve import requests
Launching external process: /Users/leahhumphries/Downloads/Unity/2021.1.3f1/Unity.app/Contents/Tools/UnityShaderCompiler
Launched and connected shader compiler UnityShaderCompiler after 0.03 seconds
Refreshing native plugins compatible for Editor in 0.56 ms, found 2 plugins.
Preloading 0 native plugins for Editor in 0.00 ms.
Unloading 3383 Unused Serialized files (Serialized files now loaded: 0)
System memory in use before: 207.3 MB.
System memory in use after: 207.4 MB.

Unloading 29 unused Assets to reduce memory usage. Loaded Objects now: 3836.
Total: 2.326209 ms (FindLiveObjects: 0.187417 ms CreateObjectMapping: 0.083333 ms MarkObjects: 1.927708 ms  DeleteObjects: 0.127250 ms)

========================================================================
Received Import Request.
  path: Assets/CoinButton.png
  artifactKey: Guid(62f306948471d47c990f05eca8574552) Importer(815301076,1909f56bfc062723c751e8b465ee728b)
Start importing Assets/CoinButton.png using Guid(62f306948471d47c990f05eca8574552) Importer(815301076,1909f56bfc062723c751e8b465ee728b)  -> (artifact id: 'a17eb64dbe122301e52dbb331c71b010') in 0.775947 seconds 
========================================================================
Received Import Request.
  Time since last request: 745.447845 seconds.
  path: Assets
  artifactKey: Guid(00000000000000001000000000000000) Importer(815301076,1909f56bfc062723c751e8b465ee728b)
Start importing Assets using Guid(00000000000000001000000000000000) Importer(815301076,1909f56bfc062723c751e8b465ee728b)  -> (artifact id: 'efcc68737208a1d7a8581e190ec11b99') in 0.005747 seconds 
========================================================================
Received Prepare
Registering precompiled user dll's ...
Registered in 0.001959 seconds.
Begin MonoManager ReloadAssembly
Native extension for WindowsStandalone target not found
Native extension for OSXStandalone target not found
Refreshing native plugins compatible for Editor in 0.77 ms, found 2 plugins.
Preloading 0 native plugins for Editor in 0.00 ms.
Mono: successfully reloaded assembly
- Completed reload, in  2.365 seconds
Platform modules already initialized, skipping
Refreshing native plugins compatible for Editor in 0.57 ms, found 2 plugins.
Preloading 0 native plugins for Editor in 0.00 ms.
Unloading 3367 Unused Serialized files (Serialized files now loaded: 0)
System memory in use before: 215.6 MB.
System memory in use after: 215.6 MB.

Unloading 17 unused Assets to reduce memory usage. Loaded Objects now: 3862.
Total: 3.163709 ms (FindLiveObjects: 0.184708 ms CreateObjectMapping: 0.078458 ms MarkObjects: 2.800625 ms  DeleteObjects: 0.099375 ms)

========================================================================
Received Import Request.
  Time since last request: 161.733398 seconds.
  path: Assets/CoinSound.wav
  artifactKey: Guid(b2fc1db657ffa45be8ade7805b4f1e4d) Importer(815301076,1909f56bfc062723c751e8b465ee728b)
Start importing Assets/CoinSound.wav using Guid(b2fc1db657ffa45be8ade7805b4f1e4d) Importer(815301076,1909f56bfc062723c751e8b465ee728b)  -> (artifact id: 'ff1434ff86f2b7af5961bfa9cf99f4d3') in 0.818794 seconds 
========================================================================
Received Import Request.
  Time since last request: 34.588740 seconds.
  path: Assets/TextMesh Pro/Resources/Style Sheets/Default Style Sheet.asset
  artifactKey: Guid(f952c082cb03451daed3ee968ac6c63e) Importer(815301076,1909f56bfc062723c751e8b465ee728b)
Start importing Assets/TextMesh Pro/Resources/Style Sheets/Default Style Sheet.asset using Guid(f952c082cb03451daed3ee968ac6c63e) Importer(815301076,1909f56bfc062723c751e8b465ee728b)  -> (artifact id: 'f22154d9cdf3d2d5e6eca8149010079e') in 0.559397 seconds 
========================================================================
Received Import Request.
  Time since last request: 0.000213 seconds.
  path: Assets/TextMesh Pro/Sprites/EmojiOne.png
  artifactKey: Guid(dffef66376be4fa480fb02b19edbe903) Importer(815301076,1909f56bfc062723c751e8b465ee728b)
Start importing Assets/TextMesh Pro/Sprites/EmojiOne.png using Guid(dffef66376be4fa480fb02b19edbe903) Importer(815301076,1909f56bfc062723c751e8b465ee728b)  -> (artifact id: 'a4c7ec432063d930a1b57da658353e14') in 0.072373 seconds 
========================================================================
Received Import Request.
  Time since last request: 0.000225 seconds.
  path: Assets/TextMesh Pro/Resources/Sprite Assets/EmojiOne.asset
  artifactKey: Guid(c41005c129ba4d66911b75229fd70b45) Importer(815301076,1909f56bfc062723c751e8b465ee728b)
Start importing Assets/TextMesh Pro/Resources/Sprite Assets/EmojiOne.asset using Guid(c41005c129ba4d66911b75229fd70b45) Importer(815301076,1909f56bfc062723c751e8b465ee728b)  -> (artifact id: '22eabdc707d69132f3050dc1fdbb7a40') in 0.023694 seconds 
========================================================================
Received Import Request.
  Time since last request: 39.316644 seconds.
  path: Assets/TextMesh Pro/Fonts/LiberationSans.ttf
  artifactKey: Guid(e3265ab4bf004d28a9537516768c1c75) Importer(815301076,1909f56bfc062723c751e8b465ee728b)
Start importing Assets/TextMesh Pro/Fonts/LiberationSans.ttf using Guid(e3265ab4bf004d28a9537516768c1c75) Importer(815301076,1909f56bfc062723c751e8b465ee728b)  -> (artifact id: '3bd1d93aa32f964e5c8b0a1da5e70d7b') in 1.027657 seconds 
========================================================================
Received Import Request.
  Time since last request: 0.000179 seconds.
  path: Assets/TextMesh Pro/Resources/Fonts & Materials/LiberationSans SDF - Outline.mat
  artifactKey: Guid(79459efec17a4d00a321bdcc27bbc385) Importer(815301076,1909f56bfc062723c751e8b465ee728b)
Start importing Assets/TextMesh Pro/Resources/Fonts & Materials/LiberationSans SDF - Outline.mat using Guid(79459efec17a4d00a321bdcc27bbc385) Importer(815301076,1909f56bfc062723c751e8b465ee728b)  -> (artifact id: '0cbb6ee35ef105d2ad5ab5826ddbcc7d') in 0.375254 seconds 
========================================================================
Received Import Request.
  Time since last request: 0.000158 seconds.
  path: Assets/TextMesh Pro/Resources/Fonts & Materials/LiberationSans SDF - Fallback.asset
  artifactKey: Guid(2e498d1c8094910479dc3e1b768306a4) Importer(815301076,1909f56bfc062723c751e8b465ee728b)
Start importing Assets/TextMesh Pro/Resources/Fonts & Materials/LiberationSans SDF - Fallback.asset using Guid(2e498d1c8094910479dc3e1b768306a4) Importer(815301076,1909f56bfc062723c751e8b465ee728b)  -> (artifact id: '913469edae42b859e9cbc74878ca3ac0') in 0.059518 seconds 
========================================================================
Received Import Request.
  Time since last request: 0.000248 seconds.
  path: Assets/TextMesh Pro/Resources/Fonts & Materials/LiberationSans SDF - Drop Shadow.mat
  artifactKey: Guid(e73a58f6e2794ae7b1b7e50b7fb811b0) Importer(815301076,1909f56bfc062723c751e8b465ee728b)
Start importing Assets/TextMesh Pro/Resources/Fonts & Materials/LiberationSans SDF - Drop Shadow.mat using Guid(e73a58f6e2794ae7b1b7e50b7fb811b0) Importer(815301076,1909f56bfc062723c751e8b465ee728b)  -> (artifact id: '8aad7c9d0346964c34c5a007431de904') in 0.109765 seconds 
========================================================================
Received Import Request.
  Time since last request: 0.000225 seconds.
  path: Assets/TextMesh Pro/Resources/Fonts & Materials/LiberationSans SDF.asset
  artifactKey: Guid(8f586378b4e144a9851e7b34d9b748ee) Importer(815301076,1909f56bfc062723c751e8b465ee728b)
Start importing Assets/TextMesh Pro/Resources/Fonts & Materials/LiberationSans SDF.asset using Guid(8f586378b4e144a9851e7b34d9b748ee) Importer(815301076,1909f56bfc062723c751e8b465ee728b)  -> (artifact id: '4cd4c5e42fdc635574ab74d03c6c137b') in 0.029960 seconds 
========================================================================
Received Import Request.
  Time since last request: 24.395908 seconds.
  path: Assets/TextMesh Pro/Resources/TMP Settings.asset
  artifactKey: Guid(3f5b5dff67a942289a9defa416b206f3) Importer(815301076,1909f56bfc062723c751e8b465ee728b)
Start importing Assets/TextMesh Pro/Resources/TMP Settings.asset using Guid(3f5b5dff67a942289a9defa416b206f3) Importer(815301076,1909f56bfc062723c751e8b465ee728b)  -> (artifact id: '09c431c7bdf92eee4c5fd8307a6e0bb3') in 0.022201 seconds 
========================================================================
Received Prepare
Registering precompiled user dll's ...
Registered in 0.003581 seconds.
Begin MonoManager ReloadAssembly
Native extension for WindowsStandalone target not found
Native extension for OSXStandalone target not found
Refreshing native plugins compatible for Editor in 0.55 ms, found 2 plugins.
Preloading 0 native plugins for Editor in 0.00 ms.
Mono: successfully reloaded assembly
- Completed reload, in  2.156 seconds
Platform modules already initialized, skipping
Refreshing native plugins compatible for Editor in 0.49 ms, found 2 plugins.
Preloading 0 native plugins for Editor in 0.00 ms.
Unloading 3370 Unused Serialized files (Serialized files now loaded: 0)
System memory in use before: 236.6 MB.
System memory in use after: 236.7 MB.

Unloading 17 unused Assets to reduce memory usage. Loaded Objects now: 3971.
Total: 2.104667 ms (FindLiveObjects: 0.171625 ms CreateObjectMapping: 0.084625 ms MarkObjects: 1.758125 ms  DeleteObjects: 0.089458 ms)

========================================================================
Received Import Request.
  Time since last request: 2130.067318 seconds.
  path: Assets/SoundTrigger.cs
  artifactKey: Guid(60250a4b0510c4af18334e1a526e4a6c) Importer(815301076,1909f56bfc062723c751e8b465ee728b)
Start importing Assets/SoundTrigger.cs using Guid(60250a4b0510c4af18334e1a526e4a6c) Importer(815301076,1909f56bfc062723c751e8b465ee728b)  -> (artifact id: '06483874e5d88a9f7f6047232c3b9308') in 1.624686 seconds 
========================================================================
Received Prepare
Registering precompiled user dll's ...
Registered in 0.001490 seconds.
Begin MonoManager ReloadAssembly
Native extension for WindowsStandalone target not found
Native extension for OSXStandalone target not found
Refreshing native plugins compatible for Editor in 1.00 ms, found 2 plugins.
Preloading 0 native plugins for Editor in 0.00 ms.
Mono: successfully reloaded assembly
- Completed reload, in  2.377 seconds
Platform modules already initialized, skipping
Refreshing native plugins compatible for Editor in 0.58 ms, found 2 plugins.
Preloading 0 native plugins for Editor in 0.00 ms.
Unloading 3366 Unused Serialized files (Serialized files now loaded: 0)
System memory in use before: 241.0 MB.
System memory in use after: 241.0 MB.

Unloading 17 unused Assets to reduce memory usage. Loaded Objects now: 3975.
Total: 1.887625 ms (FindLiveObjects: 0.230166 ms CreateObjectMapping: 0.078042 ms MarkObjects: 1.488083 ms  DeleteObjects: 0.090542 ms)

========================================================================
Received Prepare
Registering precompiled user dll's ...
Registered in 0.004302 seconds.
Begin MonoManager ReloadAssembly
Native extension for WindowsStandalone target not found
Native extension for OSXStandalone target not found
Refreshing native plugins compatible for Editor in 0.62 ms, found 2 plugins.
Preloading 0 native plugins for Editor in 0.00 ms.
Mono: successfully reloaded assembly
- Completed reload, in  2.448 seconds
Platform modules already initialized, skipping
Refreshing native plugins compatible for Editor in 0.65 ms, found 2 plugins.
Preloading 0 native plugins for Editor in 0.00 ms.
Unloading 3366 Unused Serialized files (Serialized files now loaded: 0)
System memory in use before: 241.2 MB.
System memory in use after: 241.3 MB.

Unloading 17 unused Assets to reduce memory usage. Loaded Objects now: 3979.
Total: 1.914792 ms (FindLiveObjects: 0.215834 ms CreateObjectMapping: 0.079584 ms MarkObjects: 1.519959 ms  DeleteObjects: 0.098625 ms)

